[05-Aug-2025 19:34:38 Europe/Berlin] PHP Warning:  Undefined array key "date" in C:\Users\marti\Desktop\folders de apps\Xample\htdocs\TRABAJO FINAL 2025 CITADIN\demo-proyecto-plazatoros\backEnd\api\api.php on line 65
[05-Aug-2025 19:34:38 Europe/Berlin] PHP Warning:  Undefined array key "description" in C:\Users\marti\Desktop\folders de apps\Xample\htdocs\TRABAJO FINAL 2025 CITADIN\demo-proyecto-plazatoros\backEnd\api\api.php on line 66
[05-Aug-2025 19:34:38 Europe/Berlin] PHP Warning:  Undefined array key "imageLink" in C:\Users\marti\Desktop\folders de apps\Xample\htdocs\TRABAJO FINAL 2025 CITADIN\demo-proyecto-plazatoros\backEnd\api\api.php on line 67
[05-Aug-2025 19:34:38 Europe/Berlin] PHP Warning:  Undefined array key "buyLink" in C:\Users\marti\Desktop\folders de apps\Xample\htdocs\TRABAJO FINAL 2025 CITADIN\demo-proyecto-plazatoros\backEnd\api\api.php on line 68
[05-Aug-2025 19:34:38 Europe/Berlin] PHP Warning:  Undefined array key "adminId" in C:\Users\marti\Desktop\folders de apps\Xample\htdocs\TRABAJO FINAL 2025 CITADIN\demo-proyecto-plazatoros\backEnd\api\api.php on line 69
[05-Aug-2025 19:34:38 Europe/Berlin] PHP Fatal error:  Uncaught PDOException: SQLSTATE[42000]: Syntax error or access violation: 1064 You have an error in your SQL syntax; check the manual that corresponds to your MariaDB server version for the right syntax to use near ''diferente', descripcion = NULL, fecha = NULL, imagen = NULL, linkDeCompra = ...' at line 1 in C:\Users\marti\Desktop\folders de apps\Xample\htdocs\TRABAJO FINAL 2025 CITADIN\demo-proyecto-plazatoros\backEnd\model\evento.php:44
Stack trace:
#0 C:\Users\marti\Desktop\folders de apps\Xample\htdocs\TRABAJO FINAL 2025 CITADIN\demo-proyecto-plazatoros\backEnd\model\evento.php(44): PDOStatement->execute(Array)
#1 C:\Users\marti\Desktop\folders de apps\Xample\htdocs\TRABAJO FINAL 2025 CITADIN\demo-proyecto-plazatoros\backEnd\controllers\eventoController.php(25): Evento->modificar('38', 'diferente', NULL, NULL, NULL, NULL, NULL)
#2 C:\Users\marti\Desktop\folders de apps\Xample\htdocs\TRABAJO FINAL 2025 CITADIN\demo-proyecto-plazatoros\backEnd\api\api.php(72): modificarEvento('38', 'diferente', NULL, NULL, NULL, NULL, NULL)
#3 {main}
  thrown in C:\Users\marti\Desktop\folders de apps\Xample\htdocs\TRABAJO FINAL 2025 CITADIN\demo-proyecto-plazatoros\backEnd\model\evento.php on line 44
[05-Aug-2025 19:36:26 Europe/Berlin] PHP Warning:  Undefined array key "administradorID" in C:\Users\marti\Desktop\folders de apps\Xample\htdocs\TRABAJO FINAL 2025 CITADIN\demo-proyecto-plazatoros\backEnd\api\api.php on line 69
[05-Aug-2025 19:36:26 Europe/Berlin] PHP Fatal error:  Uncaught PDOException: SQLSTATE[42000]: Syntax error or access violation: 1064 You have an error in your SQL syntax; check the manual that corresponds to your MariaDB server version for the right syntax to use near ''diferente', descripcion = 'cambiaron cositas', fecha = '30-11-2007', imagen ...' at line 1 in C:\Users\marti\Desktop\folders de apps\Xample\htdocs\TRABAJO FINAL 2025 CITADIN\demo-proyecto-plazatoros\backEnd\model\evento.php:44
Stack trace:
#0 C:\Users\marti\Desktop\folders de apps\Xample\htdocs\TRABAJO FINAL 2025 CITADIN\demo-proyecto-plazatoros\backEnd\model\evento.php(44): PDOStatement->execute(Array)
#1 C:\Users\marti\Desktop\folders de apps\Xample\htdocs\TRABAJO FINAL 2025 CITADIN\demo-proyecto-plazatoros\backEnd\controllers\eventoController.php(25): Evento->modificar('38', 'diferente', '30-11-2007', 'cambiaron cosit...', 'ahora nada', 'no gracias', NULL)
#2 C:\Users\marti\Desktop\folders de apps\Xample\htdocs\TRABAJO FINAL 2025 CITADIN\demo-proyecto-plazatoros\backEnd\api\api.php(72): modificarEvento('38', 'diferente', '30-11-2007', 'cambiaron cosit...', 'ahora nada', 'no gracias', NULL)
#3 {main}
  thrown in C:\Users\marti\Desktop\folders de apps\Xample\htdocs\TRABAJO FINAL 2025 CITADIN\demo-proyecto-plazatoros\backEnd\model\evento.php on line 44
[05-Aug-2025 19:37:10 Europe/Berlin] PHP Fatal error:  Uncaught PDOException: SQLSTATE[42000]: Syntax error or access violation: 1064 You have an error in your SQL syntax; check the manual that corresponds to your MariaDB server version for the right syntax to use near ''diferente', descripcion = 'cambiaron cositas', fecha = '30-11-2007', imagen ...' at line 1 in C:\Users\marti\Desktop\folders de apps\Xample\htdocs\TRABAJO FINAL 2025 CITADIN\demo-proyecto-plazatoros\backEnd\model\evento.php:44
Stack trace:
#0 C:\Users\marti\Desktop\folders de apps\Xample\htdocs\TRABAJO FINAL 2025 CITADIN\demo-proyecto-plazatoros\backEnd\model\evento.php(44): PDOStatement->execute(Array)
#1 C:\Users\marti\Desktop\folders de apps\Xample\htdocs\TRABAJO FINAL 2025 CITADIN\demo-proyecto-plazatoros\backEnd\controllers\eventoController.php(25): Evento->modificar('38', 'diferente', '30-11-2007', 'cambiaron cosit...', 'ahora nada', 'no gracias', '1')
#2 C:\Users\marti\Desktop\folders de apps\Xample\htdocs\TRABAJO FINAL 2025 CITADIN\demo-proyecto-plazatoros\backEnd\api\api.php(72): modificarEvento('38', 'diferente', '30-11-2007', 'cambiaron cosit...', 'ahora nada', 'no gracias', '1')
#3 {main}
  thrown in C:\Users\marti\Desktop\folders de apps\Xample\htdocs\TRABAJO FINAL 2025 CITADIN\demo-proyecto-plazatoros\backEnd\model\evento.php on line 44
[05-Aug-2025 19:37:14 Europe/Berlin] PHP Fatal error:  Uncaught PDOException: SQLSTATE[42000]: Syntax error or access violation: 1064 You have an error in your SQL syntax; check the manual that corresponds to your MariaDB server version for the right syntax to use near ''diferente', descripcion = 'cambiaron cositas', fecha = '30-11-2007', imagen ...' at line 1 in C:\Users\marti\Desktop\folders de apps\Xample\htdocs\TRABAJO FINAL 2025 CITADIN\demo-proyecto-plazatoros\backEnd\model\evento.php:44
Stack trace:
#0 C:\Users\marti\Desktop\folders de apps\Xample\htdocs\TRABAJO FINAL 2025 CITADIN\demo-proyecto-plazatoros\backEnd\model\evento.php(44): PDOStatement->execute(Array)
#1 C:\Users\marti\Desktop\folders de apps\Xample\htdocs\TRABAJO FINAL 2025 CITADIN\demo-proyecto-plazatoros\backEnd\controllers\eventoController.php(25): Evento->modificar('38', 'diferente', '30-11-2007', 'cambiaron cosit...', 'ahora nada', 'no gracias', '1')
#2 C:\Users\marti\Desktop\folders de apps\Xample\htdocs\TRABAJO FINAL 2025 CITADIN\demo-proyecto-plazatoros\backEnd\api\api.php(72): modificarEvento('38', 'diferente', '30-11-2007', 'cambiaron cosit...', 'ahora nada', 'no gracias', '1')
#3 {main}
  thrown in C:\Users\marti\Desktop\folders de apps\Xample\htdocs\TRABAJO FINAL 2025 CITADIN\demo-proyecto-plazatoros\backEnd\model\evento.php on line 44
